2025-09-21T01:16:31 | touched: LICENSE
2025-08-05T07:06:46 | touched: Cargo.toml
2025-10-21T23:04:00 | touched: src/main.rs
2026-01-19T13:30:23 | touched: src/main.rs
2026-01-13T14:34:50 | touched: Cargo.toml
2026-01-11T03:15:26 | touched: src/lib.rs
2026-01-10T12:09:52 | touched: src/main.rs
2025-12-17T02:52:33 | touched: Cargo.toml
2025-04-06T05:06:21 | touched: README.md
2025-12-21T14:25:23 | touched: src/lib.rs
2025-11-27T09:18:25 | touched: Cargo.toml
2025-03-14T18:05:01 | touched: Cargo.toml
2025-06-05T22:20:03 | touched: src/lib.rs
2025-01-22T19:38:42 | touched: README.md
2025-03-31T06:15:50 | touched: README.md
2025-10-18T13:07:41 | touched: src/lib.rs
2025-02-26T08:57:53 | touched: src/main.rs
2025-12-09T11:34:14 | touched: Cargo.toml
2025-05-12T03:14:47 | touched: LICENSE
2025-01-20T20:37:23 | touched: LICENSE
2025-03-22T21:44:56 | touched: src/lib.rs
2025-07-01T12:25:50 | touched: README.md
2025-01-28T08:17:34 | touched: Cargo.toml
2025-07-12T21:09:50 | touched: README.md
